build/outputs/logs/manifest-merger-debug-report.txt
-- Merging decision tree log ---
manifest
ADDED from 9210DEMO_20170718\CiticPay\AndroidManifest.xml:2:1-129:12
	package
		ADDED from 9210DEMO_20170718\CiticPay\AndroidManifest.xml:3:5-32
	android:versionName
		INJECTED from 9210DEMO_20170718\CiticPay\AndroidManifest.xml
		INJECTED from 9210DEMO_20170718\CiticPay\AndroidManifest.xml
	xmlns:android
		ADDED from 9210DEMO_20170718\CiticPay\AndroidManifest.xml:2:11-69
	android:versionCode
		INJECTED from 9210DEMO_20170718\CiticPay\AndroidManifest.xml
		INJECTED from 9210DEMO_20170718\CiticPay\AndroidManifest.xml
supports-screens
ADDED from 9210DEMO_20170718\CiticPay\AndroidManifest.xml:5:5-11:40
	android:largeScreens
		ADDED from 9210DEMO_20170718\CiticPay\AndroidManifest.xml:7:9-36
	android:smallScreens
		ADDED from 9210DEMO_20170718\CiticPay\AndroidManifest.xml:10:9-36
	android:normalScreens
		ADDED from 9210DEMO_20170718\CiticPay\AndroidManifest.xml:8:9-37
	android:xlargeScreens
		ADDED from 9210DEMO_20170718\CiticPay\AndroidManifest.xml:11:9-37
	android:resizeable
		ADDED from 9210DEMO_20170718\CiticPay\AndroidManifest.xml:9:9-34
	android:anyDensity
		ADDED from 9210DEMO_20170718\CiticPay\AndroidManifest.xml:6:9-34
application
ADDED from 9210DEMO_20170718\CiticPay\AndroidManifest.xml:13:5-104:19
MERGED from [CiticPay:libapp:unspecified] AndroidManifest.xml:11:5-15:19
MERGED from [com.android.support:support-v4:24.2.1] AndroidManifest.xml:25:5-20
MERGED from [com.android.support:support-compat:24.2.1] AndroidManifest.xml:25:5-20
MERGED from [com.android.support:support-media-compat:24.2.1] AndroidManifest.xml:25:5-20
MERGED from [com.android.support:support-core-utils:24.2.1] AndroidManifest.xml:25:5-20
MERGED from [com.android.support:support-core-ui:24.2.1] AndroidManifest.xml:25:5-20
MERGED from [com.android.support:support-fragment:24.2.1] AndroidManifest.xml:25:5-20
	android:label
		ADDED from 9210DEMO_20170718\CiticPay\AndroidManifest.xml:17:9-41
	android:supportsRtl
		ADDED from [CiticPay:libapp:unspecified] AndroidManifest.xml:14:9-35
	android:allowBackup
		ADDED from 9210DEMO_20170718\CiticPay\AndroidManifest.xml:15:9-35
	android:icon
		ADDED from 9210DEMO_20170718\CiticPay\AndroidManifest.xml:16:9-43
	android:theme
		ADDED from 9210DEMO_20170718\CiticPay\AndroidManifest.xml:18:9-40
	android:name
		ADDED from 9210DEMO_20170718\CiticPay\AndroidManifest.xml:14:9-44
uses-library#com.pos.device
ADDED from 9210DEMO_20170718\CiticPay\AndroidManifest.xml:19:9-68
	android:name
		ADDED from 9210DEMO_20170718\CiticPay\AndroidManifest.xml:19:23-52
activity#com.android.citic.appmanager.Operator
ADDED from 9210DEMO_20170718\CiticPay\AndroidManifest.xml:20:9-31:20
	android:label
		ADDED from 9210DEMO_20170718\CiticPay\AndroidManifest.xml:25:13-45
	android:launchMode
		ADDED from 9210DEMO_20170718\CiticPay\AndroidManifest.xml:24:13-44
	android:configChanges
		ADDED from 9210DEMO_20170718\CiticPay\AndroidManifest.xml:22:13-92
	android:theme
		ADDED from 9210DEMO_20170718\CiticPay\AndroidManifest.xml:23:13-71
	android:name
		ADDED from 9210DEMO_20170718\CiticPay\AndroidManifest.xml:21:13-48
intent-filter#android.intent.action.MAIN+android.intent.category.LAUNCHER
ADDED from 9210DEMO_20170718\CiticPay\AndroidManifest.xml:26:13-30:29
action#android.intent.action.MAIN
ADDED from 9210DEMO_20170718\CiticPay\AndroidManifest.xml:27:17-69
	android:name
		ADDED from 9210DEMO_20170718\CiticPay\AndroidManifest.xml:27:25-66
category#android.intent.category.LAUNCHER
ADDED from 9210DEMO_20170718\CiticPay\AndroidManifest.xml:29:17-77
	android:name
		ADDED from 9210DEMO_20170718\CiticPay\AndroidManifest.xml:29:27-74
activity#com.android.citic.appmanager.CiticPay
ADDED from 9210DEMO_20170718\CiticPay\AndroidManifest.xml:32:9-41:20
	android:label
		ADDED from 9210DEMO_20170718\CiticPay\AndroidManifest.xml:36:13-45
	android:configChanges
		ADDED from 9210DEMO_20170718\CiticPay\AndroidManifest.xml:34:13-92
	android:theme
		ADDED from 9210DEMO_20170718\CiticPay\AndroidManifest.xml:35:13-71
	android:name
		ADDED from 9210DEMO_20170718\CiticPay\AndroidManifest.xml:33:13-48
intent-filter#android.intent.action.MAIN+android.intent.category.DEFAULT
ADDED from 9210DEMO_20170718\CiticPay\AndroidManifest.xml:37:13-40:29
category#android.intent.category.DEFAULT
ADDED from 9210DEMO_20170718\CiticPay\AndroidManifest.xml:39:17-76
	android:name
		ADDED from 9210DEMO_20170718\CiticPay\AndroidManifest.xml:39:27-73
activity#com.android.citic.appmanager.trans.Masterctl
ADDED from 9210DEMO_20170718\CiticPay\AndroidManifest.xml:43:9-53:20
	android:launchMode
		ADDED from 9210DEMO_20170718\CiticPay\AndroidManifest.xml:48:13-44
	android:windowSoftInputMode
		ADDED from 9210DEMO_20170718\CiticPay\AndroidManifest.xml:45:13-78
	android:configChanges
		ADDED from 9210DEMO_20170718\CiticPay\AndroidManifest.xml:46:13-92
	android:theme
		ADDED from 9210DEMO_20170718\CiticPay\AndroidManifest.xml:47:13-71
	android:name
		ADDED from 9210DEMO_20170718\CiticPay\AndroidManifest.xml:44:13-55
activity#com.android.citic.appmanager.history.HistoryTrans
ADDED from 9210DEMO_20170718\CiticPay\AndroidManifest.xml:55:9-63:20
	android:configChanges
		ADDED from 9210DEMO_20170718\CiticPay\AndroidManifest.xml:57:13-92
	android:theme
		ADDED from 9210DEMO_20170718\CiticPay\AndroidManifest.xml:58:13-71
	android:name
		ADDED from 9210DEMO_20170718\CiticPay\AndroidManifest.xml:56:13-60
activity#com.android.citic.appmanager.setting.Settings
ADDED from 9210DEMO_20170718\CiticPay\AndroidManifest.xml:65:9-74:20
	android:launchMode
		ADDED from 9210DEMO_20170718\CiticPay\AndroidManifest.xml:67:13-44
	android:configChanges
		ADDED from 9210DEMO_20170718\CiticPay\AndroidManifest.xml:68:13-92
	android:theme
		ADDED from 9210DEMO_20170718\CiticPay\AndroidManifest.xml:69:13-71
	android:name
		ADDED from 9210DEMO_20170718\CiticPay\AndroidManifest.xml:66:13-56
activity#com.android.citic.appmanager.trans.Resultctl
ADDED from 9210DEMO_20170718\CiticPay\AndroidManifest.xml:76:9-85:20
	android:launchMode
		ADDED from 9210DEMO_20170718\CiticPay\AndroidManifest.xml:78:13-44
	android:configChanges
		ADDED from 9210DEMO_20170718\CiticPay\AndroidManifest.xml:79:13-92
	android:theme
		ADDED from 9210DEMO_20170718\CiticPay\AndroidManifest.xml:80:13-71
	android:name
		ADDED from 9210DEMO_20170718\CiticPay\AndroidManifest.xml:77:13-55
activity#com.android.citic.appmanager.setting.fragments.TransparaFrags
ADDED from 9210DEMO_20170718\CiticPay\AndroidManifest.xml:87:9-95:20
	android:configChanges
		ADDED from 9210DEMO_20170718\CiticPay\AndroidManifest.xml:89:13-92
	android:theme
		ADDED from 9210DEMO_20170718\CiticPay\AndroidManifest.xml:90:13-71
	android:name
		ADDED from 9210DEMO_20170718\CiticPay\AndroidManifest.xml:88:13-72
meta-data#com.baidu.lbsapi.API_KEY
ADDED from 9210DEMO_20170718\CiticPay\AndroidManifest.xml:97:9-99:64
	android:value
		ADDED from 9210DEMO_20170718\CiticPay\AndroidManifest.xml:99:13-61
	android:name
		ADDED from 9210DEMO_20170718\CiticPay\AndroidManifest.xml:98:13-52
service#com.baidu.location.f
ADDED from 9210DEMO_20170718\CiticPay\AndroidManifest.xml:100:9-103:41
	android:enabled
		ADDED from 9210DEMO_20170718\CiticPay\AndroidManifest.xml:102:13-35
	android:process
		ADDED from 9210DEMO_20170718\CiticPay\AndroidManifest.xml:103:13-38
	android:name
		ADDED from 9210DEMO_20170718\CiticPay\AndroidManifest.xml:101:13-48
uses-permission#android.permission.ACCESS_COARSE_LOCATION
ADDED from 9210DEMO_20170718\CiticPay\AndroidManifest.xml:107:5-81
	android:name
		ADDED from 9210DEMO_20170718\CiticPay\AndroidManifest.xml:107:22-78
uses-permission#android.permission.ACCESS_FINE_LOCATION
ADDED from 9210DEMO_20170718\CiticPay\AndroidManifest.xml:109:5-79
	android:name
		ADDED from 9210DEMO_20170718\CiticPay\AndroidManifest.xml:109:22-76
uses-permission#android.permission.ACCESS_WIFI_STATE
ADDED from 9210DEMO_20170718\CiticPay\AndroidManifest.xml:111:5-76
	android:name
		ADDED from 9210DEMO_20170718\CiticPay\AndroidManifest.xml:111:22-73
uses-permission#android.permission.CHANGE_WIFI_STATE
ADDED from 9210DEMO_20170718\CiticPay\AndroidManifest.xml:113:5-76
	android:name
		ADDED from 9210DEMO_20170718\CiticPay\AndroidManifest.xml:113:22-73
uses-permission#android.permission.VIBRATE
ADDED from 9210DEMO_20170718\CiticPay\AndroidManifest.xml:115:5-65
	android:name
		ADDED from 9210DEMO_20170718\CiticPay\AndroidManifest.xml:115:22-63
uses-permission#android.permission.READ_PHONE_STATE
ADDED from 9210DEMO_20170718\CiticPay\AndroidManifest.xml:117:5-75
	android:name
		ADDED from 9210DEMO_20170718\CiticPay\AndroidManifest.xml:117:22-72
uses-permission#android.permission.WRITE_SETTINGS
ADDED from 9210DEMO_20170718\CiticPay\AndroidManifest.xml:119:5-73
	android:name
		ADDED from 9210DEMO_20170718\CiticPay\AndroidManifest.xml:119:22-70
uses-permission#android.permission.ACCESS_NETWORK_STATE
ADDED from 9210DEMO_20170718\CiticPay\AndroidManifest.xml:121:5-79
	android:name
		ADDED from 9210DEMO_20170718\CiticPay\AndroidManifest.xml:121:22-76
uses-permission#android.permission.INTERNET
ADDED from 9210DEMO_20170718\CiticPay\AndroidManifest.xml:123:5-67
	android:name
		ADDED from 9210DEMO_20170718\CiticPay\AndroidManifest.xml:123:22-64
uses-permission#android.permission.WRITE_EXTERNAL_STORAGE
ADDED from 9210DEMO_20170718\CiticPay\AndroidManifest.xml:125:5-80
	android:name
		ADDED from 9210DEMO_20170718\CiticPay\AndroidManifest.xml:125:22-78
uses-permission#android.permission.MOUNT_UNMOUNT_FILESYSTEMS
ADDED from 9210DEMO_20170718\CiticPay\AndroidManifest.xml:126:5-83
	android:name
		ADDED from 9210DEMO_20170718\CiticPay\AndroidManifest.xml:126:22-81
uses-permission#android.permission.READ_EXTERNAL_STORAGE
ADDED from 9210DEMO_20170718\CiticPay\AndroidManifest.xml:127:5-80
	android:name
		ADDED from 9210DEMO_20170718\CiticPay\AndroidManifest.xml:127:22-77
uses-sdk
INJECTED from 9210DEMO_20170718\CiticPay\AndroidManifest.xml reason: use-sdk injection requested
MERGED from [CiticPay:libapp:unspecified] AndroidManifest.xml:7:5-9:41
MERGED from [com.android.support:support-v4:24.2.1] AndroidManifest.xml:21:5-23:54
MERGED from [com.android.support:support-compat:24.2.1] AndroidManifest.xml:21:5-23:58
MERGED from [com.android.support:support-media-compat:24.2.1] AndroidManifest.xml:21:5-23:63
MERGED from [com.android.support:support-core-utils:24.2.1] AndroidManifest.xml:21:5-23:61
MERGED from [com.android.support:support-core-ui:24.2.1] AndroidManifest.xml:21:5-23:58
MERGED from [com.android.support:support-fragment:24.2.1] AndroidManifest.xml:21:5-23:60
	tools:overrideLibrary
		ADDED from [com.android.support:support-v4:24.2.1] AndroidManifest.xml:23:9-51
	android:targetSdkVersion
		INJECTED from 9210DEMO_20170718\CiticPay\AndroidManifest.xml
		INJECTED from 9210DEMO_20170718\CiticPay\AndroidManifest.xml
	android:minSdkVersion
		INJECTED from 9210DEMO_20170718\CiticPay\AndroidManifest.xml
		INJECTED from 9210DEMO_20170718\CiticPay\AndroidManifest.xml